app/build/intermediates/manifest_merge_blame_file/debug/processDebugMainManifest/manifest-merger-blame-debug-report.txt
1<?xml version="1.0" encoding="utf-8"?>
2<manifest xmlns:android="http://schemas.android.com/apk/res/android"
3    package="com.example.agrotradehub"
4    android:versionCode="1"
5    android:versionName="1.0" >
6
7    <uses-sdk
8        android:minSdkVersion="24"
9        android:targetSdkVersion="33" />
10
11    <uses-permission android:name="android.permission.INTERNET" />
11-->src\main\AndroidManifest.xml:5:5-67
11-->src\main\AndroidManifest.xml:5:22-64
12    <uses-permission android:name="android.permission.ACCESS_FINE_LOCATION" />
12-->src\main\AndroidManifest.xml:6:5-79
12-->src\main\AndroidManifest.xml:6:22-76
13    <uses-permission android:name="android.permission.ACCESS_COARSE_LOCATION" />
13-->src\main\AndroidManifest.xml:7:5-81
13-->src\main\AndroidManifest.xml:7:22-78
14    <uses-permission android:name="android.permission.WRITE_EXTERNAL_STORAGE" />
14-->src\main\AndroidManifest.xml:8:5-81
14-->src\main\AndroidManifest.xml:8:22-78
15    <uses-permission android:name="android.permission.READ_EXTERNAL_STORAGE" />
15-->src\main\AndroidManifest.xml:9:5-80
15-->src\main\AndroidManifest.xml:9:22-77
16
17    <permission
17-->[androidx.core:core:1.9.0] AndroidManifest.xml:22:5-24:47
18        android:name="com.example.agrotradehub.DYNAMIC_RECEIVER_NOT_EXPORTED_PERMISSION"
18-->[androidx.core:core:1.9.0] AndroidManifest.xml:23:9-81
19        android:protectionLevel="signature" />
19-->[androidx.core:core:1.9.0] AndroidManifest.xml:24:9-44
20
21    <uses-permission android:name="com.example.agrotradehub.DYNAMIC_RECEIVER_NOT_EXPORTED_PERMISSION" />
21-->[androidx.core:core:1.9.0] AndroidManifest.xml:26:5-97
21-->[androidx.core:core:1.9.0] AndroidManifest.xml:26:22-94
22
23    <application
23-->src\main\AndroidManifest.xml:11:5-60:19
24        android:name="com.example.agrotradehub.global.DatosGlobales"
24-->src\main\AndroidManifest.xml:12:9-45
25        android:allowBackup="true"
25-->src\main\AndroidManifest.xml:13:9-35
26        android:appComponentFactory="androidx.core.app.CoreComponentFactory"
26-->[androidx.core:core:1.9.0] AndroidManifest.xml:28:18-86
27        android:dataExtractionRules="@xml/data_extraction_rules"
27-->src\main\AndroidManifest.xml:14:9-65
28        android:debuggable="true"
29        android:extractNativeLibs="false"
30        android:fullBackupContent="@xml/backup_rules"
30-->src\main\AndroidManifest.xml:15:9-54
31        android:icon="@mipmap/ic_launcher"
31-->src\main\AndroidManifest.xml:16:9-43
32        android:label="@string/app_name"
32-->src\main\AndroidManifest.xml:17:9-41
33        android:roundIcon="@mipmap/ic_launcher_round"
33-->src\main\AndroidManifest.xml:18:9-54
34        android:supportsRtl="true"
34-->src\main\AndroidManifest.xml:19:9-35
35        android:testOnly="true"
36        android:theme="@style/Theme.AgroTradeHub"
36-->src\main\AndroidManifest.xml:20:9-50
37        android:usesCleartextTraffic="true" >
37-->src\main\AndroidManifest.xml:21:9-44
38        <activity
38-->src\main\AndroidManifest.xml:24:9-27:40
39            android:name="com.example.agrotradehub.AlmacenActivity"
39-->src\main\AndroidManifest.xml:25:13-44
40            android:exported="false"
40-->src\main\AndroidManifest.xml:27:13-37
41            android:screenOrientation="portrait" />
41-->src\main\AndroidManifest.xml:26:13-49
42        <activity
42-->src\main\AndroidManifest.xml:28:9-31:40
43            android:name="com.example.agrotradehub.SupervisorActivity"
43-->src\main\AndroidManifest.xml:30:13-47
44            android:exported="false"
44-->src\main\AndroidManifest.xml:31:13-37
45            android:screenOrientation="portrait" />
45-->src\main\AndroidManifest.xml:29:13-49
46        <activity
46-->src\main\AndroidManifest.xml:32:9-35:40
47            android:name="com.example.agrotradehub.LoginActivity"
47-->src\main\AndroidManifest.xml:34:13-42
48            android:exported="false"
48-->src\main\AndroidManifest.xml:35:13-37
49            android:screenOrientation="portrait" />
49-->src\main\AndroidManifest.xml:33:13-49
50        <activity
50-->src\main\AndroidManifest.xml:36:9-39:40
51            android:name="com.example.agrotradehub.FirmaView"
51-->src\main\AndroidManifest.xml:38:13-38
52            android:exported="false"
52-->src\main\AndroidManifest.xml:39:13-37
53            android:screenOrientation="portrait" />
53-->src\main\AndroidManifest.xml:37:13-49
54        <activity
54-->src\main\AndroidManifest.xml:40:9-50:20
55            android:name="com.example.agrotradehub.MainActivity"
55-->src\main\AndroidManifest.xml:42:13-41
56            android:exported="true"
56-->src\main\AndroidManifest.xml:43:13-36
57            android:screenOrientation="portrait"
57-->src\main\AndroidManifest.xml:41:13-49
58            android:theme="@style/SplashTheme" >
58-->src\main\AndroidManifest.xml:44:13-47
59            <intent-filter>
59-->src\main\AndroidManifest.xml:45:13-49:29
60                <action android:name="android.intent.action.MAIN" />
60-->src\main\AndroidManifest.xml:46:17-69
60-->src\main\AndroidManifest.xml:46:25-66
61
62                <category android:name="android.intent.category.LAUNCHER" />
62-->src\main\AndroidManifest.xml:48:17-77
62-->src\main\AndroidManifest.xml:48:27-74
63            </intent-filter>
64        </activity>
65
66        <provider
66-->src\main\AndroidManifest.xml:51:9-59:20
67            android:name="androidx.core.content.FileProvider"
67-->src\main\AndroidManifest.xml:53:13-62
68            android:authorities="com.example.agrotradehub.fileprovider"
68-->src\main\AndroidManifest.xml:52:13-72
69            android:exported="false"
69-->src\main\AndroidManifest.xml:54:13-37
70            android:grantUriPermissions="true" >
70-->src\main\AndroidManifest.xml:55:13-47
71            <meta-data
71-->src\main\AndroidManifest.xml:56:13-58:54
72                android:name="android.support.FILE_PROVIDER_PATHS"
72-->src\main\AndroidManifest.xml:57:17-67
73                android:resource="@xml/file_paths" />
73-->src\main\AndroidManifest.xml:58:17-51
74        </provider>
75        <provider
75-->[androidx.emoji2:emoji2:1.2.0] AndroidManifest.xml:24:9-32:20
76            android:name="androidx.startup.InitializationProvider"
76-->[androidx.emoji2:emoji2:1.2.0] AndroidManifest.xml:25:13-67
77            android:authorities="com.example.agrotradehub.androidx-startup"
77-->[androidx.emoji2:emoji2:1.2.0] AndroidManifest.xml:26:13-68
78            android:exported="false" >
78-->[androidx.emoji2:emoji2:1.2.0] AndroidManifest.xml:27:13-37
79            <meta-data
79-->[androidx.emoji2:emoji2:1.2.0] AndroidManifest.xml:29:13-31:52
80                android:name="androidx.emoji2.text.EmojiCompatInitializer"
80-->[androidx.emoji2:emoji2:1.2.0] AndroidManifest.xml:30:17-75
81                android:value="androidx.startup" />
81-->[androidx.emoji2:emoji2:1.2.0] AndroidManifest.xml:31:17-49
82            <meta-data
82-->[androidx.lifecycle:lifecycle-process:2.6.2] AndroidManifest.xml:29:13-31:52
83                android:name="androidx.lifecycle.ProcessLifecycleInitializer"
83-->[androidx.lifecycle:lifecycle-process:2.6.2] AndroidManifest.xml:30:17-78
84                android:value="androidx.startup" />
84-->[androidx.lifecycle:lifecycle-process:2.6.2] AndroidManifest.xml:31:17-49
85            <meta-data
85-->[androidx.profileinstaller:profileinstaller:1.3.0] AndroidManifest.xml:29:13-31:52
86                android:name="androidx.profileinstaller.ProfileInstallerInitializer"
86-->[androidx.profileinstaller:profileinstaller:1.3.0] AndroidManifest.xml:30:17-85
87                android:value="androidx.startup" />
87-->[androidx.profileinstaller:profileinstaller:1.3.0] AndroidManifest.xml:31:17-49
88        </provider>
89
90        <activity
90-->[com.google.android.gms:play-services-base:18.1.0] AndroidManifest.xml:20:9-22:45
91            android:name="com.google.android.gms.common.api.GoogleApiActivity"
91-->[com.google.android.gms:play-services-base:18.1.0] AndroidManifest.xml:20:19-85
92            android:exported="false"
92-->[com.google.android.gms:play-services-base:18.1.0] AndroidManifest.xml:22:19-43
93            android:theme="@android:style/Theme.Translucent.NoTitleBar" />
93-->[com.google.android.gms:play-services-base:18.1.0] AndroidManifest.xml:21:19-78
94
95        <meta-data
95-->[com.google.android.gms:play-services-basement:18.1.0] AndroidManifest.xml:21:9-23:69
96            android:name="com.google.android.gms.version"
96-->[com.google.android.gms:play-services-basement:18.1.0] AndroidManifest.xml:22:13-58
97            android:value="@integer/google_play_services_version" />
97-->[com.google.android.gms:play-services-basement:18.1.0] AndroidManifest.xml:23:13-66
98
99        <uses-library
99-->[androidx.window:window:1.0.0] AndroidManifest.xml:25:9-27:40
100            android:name="androidx.window.extensions"
100-->[androidx.window:window:1.0.0] AndroidManifest.xml:26:13-54
101            android:required="false" />
101-->[androidx.window:window:1.0.0] AndroidManifest.xml:27:13-37
102        <uses-library
102-->[androidx.window:window:1.0.0] AndroidManifest.xml:28:9-30:40
103            android:name="androidx.window.sidecar"
103-->[androidx.window:window:1.0.0] AndroidManifest.xml:29:13-51
104            android:required="false" />
104-->[androidx.window:window:1.0.0] AndroidManifest.xml:30:13-37
105
106        <provider
106-->[com.squareup.picasso:picasso:2.71828] AndroidManifest.xml:8:9-11:40
107            android:name="com.squareup.picasso.PicassoProvider"
107-->[com.squareup.picasso:picasso:2.71828] AndroidManifest.xml:9:13-64
108            android:authorities="com.example.agrotradehub.com.squareup.picasso"
108-->[com.squareup.picasso:picasso:2.71828] AndroidManifest.xml:10:13-72
109            android:exported="false" />
109-->[com.squareup.picasso:picasso:2.71828] AndroidManifest.xml:11:13-37
110
111        <receiver
111-->[androidx.profileinstaller:profileinstaller:1.3.0] AndroidManifest.xml:34:9-52:20
112            android:name="androidx.profileinstaller.ProfileInstallReceiver"
112-->[androidx.profileinstaller:profileinstaller:1.3.0] AndroidManifest.xml:35:13-76
113            android:directBootAware="false"
113-->[androidx.profileinstaller:profileinstaller:1.3.0] AndroidManifest.xml:36:13-44
114            android:enabled="true"
114-->[androidx.profileinstaller:profileinstaller:1.3.0] AndroidManifest.xml:37:13-35
115            android:exported="true"
115-->[androidx.profileinstaller:profileinstaller:1.3.0] AndroidManifest.xml:38:13-36
116            android:permission="android.permission.DUMP" >
116-->[androidx.profileinstaller:profileinstaller:1.3.0] AndroidManifest.xml:39:13-57
117            <intent-filter>
117-->[androidx.profileinstaller:profileinstaller:1.3.0] AndroidManifest.xml:40:13-42:29
118                <action android:name="androidx.profileinstaller.action.INSTALL_PROFILE" />
118-->[androidx.profileinstaller:profileinstaller:1.3.0] AndroidManifest.xml:41:17-91
118-->[androidx.profileinstaller:profileinstaller:1.3.0] AndroidManifest.xml:41:25-88
119            </intent-filter>
120            <intent-filter>
120-->[androidx.profileinstaller:profileinstaller:1.3.0] AndroidManifest.xml:43:13-45:29
121                <action android:name="androidx.profileinstaller.action.SKIP_FILE" />
121-->[androidx.profileinstaller:profileinstaller:1.3.0] AndroidManifest.xml:44:17-85
121-->[androidx.profileinstaller:profileinstaller:1.3.0] AndroidManifest.xml:44:25-82
122            </intent-filter>
123            <intent-filter>
123-->[androidx.profileinstaller:profileinstaller:1.3.0] AndroidManifest.xml:46:13-48:29
124                <action android:name="androidx.profileinstaller.action.SAVE_PROFILE" />
124-->[androidx.profileinstaller:profileinstaller:1.3.0] AndroidManifest.xml:47:17-88
124-->[androidx.profileinstaller:profileinstaller:1.3.0] AndroidManifest.xml:47:25-85
125            </intent-filter>
126            <intent-filter>
126-->[androidx.profileinstaller:profileinstaller:1.3.0] AndroidManifest.xml:49:13-51:29
127                <action android:name="androidx.profileinstaller.action.BENCHMARK_OPERATION" />
127-->[androidx.profileinstaller:profileinstaller:1.3.0] AndroidManifest.xml:50:17-95
127-->[androidx.profileinstaller:profileinstaller:1.3.0] AndroidManifest.xml:50:25-92
128            </intent-filter>
129        </receiver>
130    </application>
131
132</manifest>